<?xml version="1.0" encoding="UTF-8"?>
<coverage generated="1777826088563" clover="3.2.0">
  <project timestamp="1777826088564" name="All files">
    <metrics statements="30" coveredstatements="29" conditionals="36" coveredconditionals="22" methods="3" coveredmethods="3" elements="69" coveredelements="54" complexity="0" loc="30" ncloc="30" packages="1" files="1" classes="1"/>
    <file name="App.jsx" path="C:\Users\majdi_qrkmgka\OneDrive\Desktop\my_app\frontend\src\App.jsx">
      <metrics statements="30" coveredstatements="29" conditionals="36" coveredconditionals="22" methods="3" coveredmethods="3"/>
      <line num="4" count="27" type="cond" truecount="2" falsecount="0"/>
      <line num="5" count="27" type="stmt"/>
      <line num="9" count="24" type="stmt"/>
      <line num="11" count="27" type="cond" truecount="1" falsecount="1"/>
      <line num="13" count="27" type="stmt"/>
      <line num="14" count="23" type="stmt"/>
      <line num="18" count="27" type="cond" truecount="1" falsecount="1"/>
      <line num="20" count="27" type="stmt"/>
      <line num="21" count="1" type="stmt"/>
      <line num="23" count="1" type="stmt"/>
      <line num="24" count="1" type="stmt"/>
      <line num="25" count="1" type="stmt"/>
      <line num="26" count="1" type="stmt"/>
      <line num="28" count="0" type="stmt"/>
      <line num="30" count="27" type="cond" truecount="2" falsecount="0"/>
      <line num="33" count="27" type="stmt"/>
      <line num="35" count="27" type="cond" truecount="2" falsecount="2"/>
      <line num="37" count="27" type="stmt"/>
      <line num="38" count="27" type="stmt"/>
      <line num="46" count="27" type="cond" truecount="2" falsecount="2"/>
      <line num="48" count="27" type="stmt"/>
      <line num="56" count="27" type="cond" truecount="2" falsecount="2"/>
      <line num="58" count="27" type="stmt"/>
      <line num="66" count="27" type="cond" truecount="2" falsecount="0"/>
      <line num="68" count="3" type="stmt"/>
      <line num="70" count="27" type="cond" truecount="2" falsecount="4"/>
      <line num="71" count="27" type="cond" truecount="2" falsecount="0"/>
      <line num="73" count="27" type="cond" truecount="4" falsecount="2"/>
      <line num="75" count="27" type="stmt"/>
      <line num="81" count="3" type="stmt"/>
    </file>
  </project>
</coverage>
