{"C:\\Users\\majdi_qrkmgka\\OneDrive\\Desktop\\my_app\\frontend\\src\\App.jsx": {"path":"C:\\Users\\majdi_qrkmgka\\OneDrive\\Desktop\\my_app\\frontend\\src\\App.jsx","statementMap":{"0":{"start":{"line":4,"column":0},"end":{"line":4,"column":null}},"1":{"start":{"line":4,"column":0},"end":{"line":9,"column":4}},"2":{"start":{"line":5,"column":35},"end":{"line":9,"column":4}},"3":{"start":{"line":9,"column":3},"end":{"line":9,"column":4}},"4":{"start":{"line":5,"column":2},"end":{"line":5,"column":null}},"5":{"start":{"line":11,"column":2},"end":{"line":11,"column":44}},"6":{"start":{"line":11,"column":45},"end":{"line":18,"column":4}},"7":{"start":{"line":13,"column":23},"end":{"line":17,"column":null}},"8":{"start":{"line":14,"column":4},"end":{"line":17,"column":null}},"9":{"start":{"line":18,"column":3},"end":{"line":18,"column":4}},"10":{"start":{"line":13,"column":23},"end":{"line":13,"column":null}},"11":{"start":{"line":18,"column":4},"end":{"line":30,"column":4}},"12":{"start":{"line":20,"column":23},"end":{"line":28,"column":null}},"13":{"start":{"line":21,"column":4},"end":{"line":21,"column":null}},"14":{"start":{"line":23,"column":4},"end":{"line":28,"column":null}},"15":{"start":{"line":24,"column":6},"end":{"line":24,"column":null}},"16":{"start":{"line":25,"column":6},"end":{"line":25,"column":null}},"17":{"start":{"line":26,"column":6},"end":{"line":26,"column":null}},"18":{"start":{"line":28,"column":6},"end":{"line":28,"column":null}},"19":{"start":{"line":30,"column":3},"end":{"line":30,"column":4}},"20":{"start":{"line":20,"column":23},"end":{"line":20,"column":null}},"21":{"start":{"line":30,"column":4},"end":{"line":35,"column":null}},"22":{"start":{"line":35,"column":8},"end":{"line":35,"column":null}},"23":{"start":{"line":35,"column":58},"end":{"line":35,"column":null}},"24":{"start":{"line":35,"column":58},"end":{"line":46,"column":null}},"25":{"start":{"line":38,"column":10},"end":{"line":46,"column":null}},"26":{"start":{"line":46,"column":12},"end":{"line":46,"column":null}},"27":{"start":{"line":46,"column":12},"end":{"line":56,"column":null}},"28":{"start":{"line":48,"column":10},"end":{"line":56,"column":null}},"29":{"start":{"line":56,"column":12},"end":{"line":56,"column":null}},"30":{"start":{"line":56,"column":12},"end":{"line":66,"column":null}},"31":{"start":{"line":58,"column":10},"end":{"line":66,"column":null}},"32":{"start":{"line":66,"column":12},"end":{"line":66,"column":null}},"33":{"start":{"line":66,"column":12},"end":{"line":70,"column":null}},"34":{"start":{"line":68,"column":10},"end":{"line":70,"column":null}},"35":{"start":{"line":70,"column":19},"end":{"line":70,"column":null}},"36":{"start":{"line":70,"column":19},"end":{"line":71,"column":null}},"37":{"start":{"line":37,"column":8},"end":{"line":68,"column":25}},"38":{"start":{"line":71,"column":15},"end":{"line":71,"column":null}},"39":{"start":{"line":71,"column":15},"end":{"line":73,"column":null}},"40":{"start":{"line":73,"column":9},"end":{"line":73,"column":null}},"41":{"start":{"line":73,"column":59},"end":{"line":73,"column":null}},"42":{"start":{"line":73,"column":59},"end":{"line":75,"column":null}},"43":{"start":{"line":33,"column":4},"end":{"line":75,"column":null}},"44":{"start":{"line":75,"column":10},"end":{"line":75,"column":null}},"45":{"start":{"line":75,"column":10},"end":{"line":33,"column":16}},"46":{"start":{"line":81,"column":15},"end":{"line":127,"column":null}}},"fnMap":{"0":{"name":"App","decl":{"start":{"line":4,"column":0},"end":{"line":4,"column":null}},"loc":{"start":{"line":4,"column":0},"end":{"line":33,"column":16}},"line":4},"1":{"name":"(anonymous_1)","decl":{"start":{"line":13,"column":23},"end":{"line":13,"column":null}},"loc":{"start":{"line":13,"column":23},"end":{"line":17,"column":null}},"line":13},"2":{"name":"(anonymous_2)","decl":{"start":{"line":20,"column":23},"end":{"line":20,"column":null}},"loc":{"start":{"line":20,"column":23},"end":{"line":28,"column":null}},"line":20}},"branchMap":{"0":{"loc":{"start":{"line":4,"column":0},"end":{"line":9,"column":4}},"type":"if","locations":[{"start":{"line":4,"column":0},"end":{"line":9,"column":4}},{"start":{"line":9,"column":3},"end":{"line":9,"column":4}}],"line":4},"1":{"loc":{"start":{"line":11,"column":45},"end":{"line":18,"column":4}},"type":"if","locations":[{"start":{"line":11,"column":45},"end":{"line":18,"column":4}},{"start":{"line":18,"column":3},"end":{"line":18,"column":4}}],"line":11},"2":{"loc":{"start":{"line":18,"column":4},"end":{"line":30,"column":4}},"type":"if","locations":[{"start":{"line":18,"column":4},"end":{"line":30,"column":4}},{"start":{"line":30,"column":3},"end":{"line":30,"column":4}}],"line":18},"3":{"loc":{"start":{"line":30,"column":4},"end":{"line":35,"column":null}},"type":"if","locations":[{"start":{"line":30,"column":4},"end":{"line":35,"column":null}},{"start":{"line":35,"column":58},"end":{"line":35,"column":null}}],"line":30},"4":{"loc":{"start":{"line":35,"column":58},"end":{"line":46,"column":null}},"type":"if","locations":[{"start":{"line":35,"column":58},"end":{"line":46,"column":null}},{"start":{"line":46,"column":12},"end":{"line":46,"column":null}}],"line":35},"5":{"loc":{"start":{"line":35,"column":58},"end":{"line":35,"column":null}},"type":"binary-expr","locations":[{"start":{"line":35,"column":58},"end":{"line":35,"column":null}},{"start":{"line":35,"column":58},"end":{"line":35,"column":null}}],"line":35},"6":{"loc":{"start":{"line":46,"column":12},"end":{"line":56,"column":null}},"type":"if","locations":[{"start":{"line":46,"column":12},"end":{"line":56,"column":null}},{"start":{"line":56,"column":12},"end":{"line":56,"column":null}}],"line":46},"7":{"loc":{"start":{"line":46,"column":12},"end":{"line":46,"column":null}},"type":"binary-expr","locations":[{"start":{"line":46,"column":12},"end":{"line":46,"column":null}},{"start":{"line":46,"column":12},"end":{"line":46,"column":null}}],"line":46},"8":{"loc":{"start":{"line":56,"column":12},"end":{"line":66,"column":null}},"type":"if","locations":[{"start":{"line":56,"column":12},"end":{"line":66,"column":null}},{"start":{"line":66,"column":12},"end":{"line":66,"column":null}}],"line":56},"9":{"loc":{"start":{"line":56,"column":12},"end":{"line":56,"column":null}},"type":"binary-expr","locations":[{"start":{"line":56,"column":12},"end":{"line":56,"column":null}},{"start":{"line":56,"column":12},"end":{"line":56,"column":null}}],"line":56},"10":{"loc":{"start":{"line":66,"column":12},"end":{"line":70,"column":null}},"type":"if","locations":[{"start":{"line":66,"column":12},"end":{"line":70,"column":null}},{"start":{"line":70,"column":19},"end":{"line":70,"column":null}}],"line":66},"11":{"loc":{"start":{"line":70,"column":19},"end":{"line":71,"column":null}},"type":"if","locations":[{"start":{"line":70,"column":19},"end":{"line":71,"column":null}},{"start":{"line":71,"column":15},"end":{"line":71,"column":null}}],"line":70},"12":{"loc":{"start":{"line":70,"column":19},"end":{"line":70,"column":null}},"type":"binary-expr","locations":[{"start":{"line":70,"column":19},"end":{"line":70,"column":null}},{"start":{"line":70,"column":19},"end":{"line":70,"column":null}},{"start":{"line":70,"column":19},"end":{"line":70,"column":null}},{"start":{"line":70,"column":19},"end":{"line":70,"column":null}}],"line":70},"13":{"loc":{"start":{"line":71,"column":15},"end":{"line":73,"column":null}},"type":"if","locations":[{"start":{"line":71,"column":15},"end":{"line":73,"column":null}},{"start":{"line":73,"column":59},"end":{"line":73,"column":null}}],"line":71},"14":{"loc":{"start":{"line":73,"column":9},"end":{"line":73,"column":null}},"type":"binary-expr","locations":[{"start":{"line":73,"column":9},"end":{"line":73,"column":20}},{"start":{"line":73,"column":20},"end":{"line":73,"column":null}}],"line":73},"15":{"loc":{"start":{"line":73,"column":59},"end":{"line":75,"column":null}},"type":"if","locations":[{"start":{"line":73,"column":59},"end":{"line":75,"column":null}},{"start":{"line":75,"column":10},"end":{"line":75,"column":null}}],"line":73},"16":{"loc":{"start":{"line":73,"column":59},"end":{"line":73,"column":null}},"type":"binary-expr","locations":[{"start":{"line":73,"column":59},"end":{"line":73,"column":null}},{"start":{"line":73,"column":59},"end":{"line":73,"column":null}}],"line":73}},"s":{"0":27,"1":27,"2":3,"3":24,"4":27,"5":27,"6":27,"7":27,"8":23,"9":0,"10":27,"11":27,"12":27,"13":1,"14":1,"15":1,"16":1,"17":1,"18":0,"19":0,"20":27,"21":27,"22":3,"23":24,"24":27,"25":27,"26":0,"27":27,"28":27,"29":0,"30":27,"31":27,"32":0,"33":27,"34":3,"35":24,"36":27,"37":27,"38":0,"39":27,"40":4,"41":23,"42":27,"43":27,"44":0,"45":27,"46":3},"f":{"0":27,"1":23,"2":1},"b":{"0":[3,24],"1":[27,0],"2":[27,0],"3":[3,24],"4":[27,0],"5":[27,0],"6":[27,0],"7":[27,0],"8":[27,0],"9":[27,0],"10":[3,24],"11":[27,0],"12":[27,0,0,0],"13":[4,23],"14":[4,1],"15":[27,0],"16":[27,0]},"meta":{"lastBranch":17,"lastFunction":3,"lastStatement":47,"seen":{"f:4:0:4:Infinity":0,"s:4:0:4:Infinity":0,"b:4:0:9:4:9:3:9:4":0,"s:4:0:9:4":1,"s:5:35:9:4":2,"s:9:3:9:4":3,"s:5:2:5:Infinity":4,"s:11:2:11:44":5,"b:11:45:18:4:18:3:18:4":1,"s:11:45:18:4":6,"s:13:23:17:Infinity":7,"f:13:23:13:Infinity":1,"s:14:4:17:Infinity":8,"s:18:3:18:4":9,"s:13:23:13:Infinity":10,"b:18:4:30:4:30:3:30:4":2,"s:18:4:30:4":11,"s:20:23:28:Infinity":12,"f:20:23:20:Infinity":2,"s:21:4:21:Infinity":13,"s:23:4:28:Infinity":14,"s:24:6:24:Infinity":15,"s:25:6:25:Infinity":16,"s:26:6:26:Infinity":17,"s:28:6:28:Infinity":18,"s:30:3:30:4":19,"s:20:23:20:Infinity":20,"b:30:4:35:Infinity:35:58:35:Infinity":3,"s:30:4:35:Infinity":21,"s:35:8:35:Infinity":22,"s:35:58:35:Infinity":23,"b:35:58:46:Infinity:46:12:46:Infinity":4,"s:35:58:46:Infinity":24,"b:35:58:35:Infinity:35:58:35:Infinity":5,"s:38:10:46:Infinity":25,"s:46:12:46:Infinity":26,"b:46:12:56:Infinity:56:12:56:Infinity":6,"s:46:12:56:Infinity":27,"b:46:12:46:Infinity:46:12:46:Infinity":7,"s:48:10:56:Infinity":28,"s:56:12:56:Infinity":29,"b:56:12:66:Infinity:66:12:66:Infinity":8,"s:56:12:66:Infinity":30,"b:56:12:56:Infinity:56:12:56:Infinity":9,"s:58:10:66:Infinity":31,"s:66:12:66:Infinity":32,"b:66:12:70:Infinity:70:19:70:Infinity":10,"s:66:12:70:Infinity":33,"s:68:10:70:Infinity":34,"s:70:19:70:Infinity":35,"b:70:19:71:Infinity:71:15:71:Infinity":11,"s:70:19:71:Infinity":36,"b:70:19:70:Infinity:70:19:70:Infinity:70:19:70:Infinity:70:19:70:Infinity":12,"s:37:8:68:25":37,"s:71:15:71:Infinity":38,"b:71:15:73:Infinity:73:59:73:Infinity":13,"s:71:15:73:Infinity":39,"s:73:9:73:Infinity":40,"b:73:9:73:20:73:20:73:Infinity":14,"s:73:59:73:Infinity":41,"b:73:59:75:Infinity:75:10:75:Infinity":15,"s:73:59:75:Infinity":42,"b:73:59:73:Infinity:73:59:73:Infinity":16,"s:33:4:75:Infinity":43,"s:75:10:75:Infinity":44,"s:75:10:33:16":45,"s:81:15:127:Infinity":46}}}
}
